{"contracts/Raffle.sol":{"l":{"68":3,"69":3,"70":3,"71":3,"72":3,"73":3,"74":3,"75":3,"81":5,"82":1,"84":4,"85":1,"87":3,"90":3,"113":1,"114":1,"115":1,"116":1,"117":1,"118":1,"128":1,"130":1,"131":0,"137":1,"138":1,"146":1,"157":0,"158":0,"159":0,"160":0,"161":0,"162":0,"163":0,"164":0,"165":0,"167":0,"173":1,"177":0,"181":0,"185":0,"189":1,"193":0,"197":5,"201":5,"205":0},"path":"/Users/michaelnovajosky/code/hardhat/smartcontract/contracts/Raffle.sol","s":{"1":5,"2":4,"3":3,"4":3,"5":1,"6":1,"7":1,"8":1,"9":1,"10":1,"11":1,"12":1,"13":1,"14":0,"15":0,"16":0,"17":0,"18":0,"19":1,"20":0,"21":0,"22":0,"23":1,"24":0,"25":5,"26":5,"27":0},"b":{"1":[1,4],"2":[1,3],"3":[0,1],"4":[0,0]},"f":{"1":3,"2":5,"3":1,"4":1,"5":0,"6":1,"7":0,"8":0,"9":0,"10":1,"11":0,"12":5,"13":5,"14":0},"fnMap":{"1":{"name":"constructor","line":67,"loc":{"start":{"line":60,"column":4},"end":{"line":76,"column":4}}},"2":{"name":"enterRaffle","line":78,"loc":{"start":{"line":78,"column":4},"end":{"line":91,"column":4}}},"3":{"name":"checkUpkeep","line":102,"loc":{"start":{"line":102,"column":4},"end":{"line":119,"column":4}}},"4":{"name":"performUpkeep","line":125,"loc":{"start":{"line":125,"column":4},"end":{"line":147,"column":4}}},"5":{"name":"fulfillRandomWords","line":153,"loc":{"start":{"line":153,"column":4},"end":{"line":168,"column":4}}},"6":{"name":"getRaffleState","line":172,"loc":{"start":{"line":172,"column":4},"end":{"line":174,"column":4}}},"7":{"name":"getNumWords","line":176,"loc":{"start":{"line":176,"column":4},"end":{"line":178,"column":4}}},"8":{"name":"getRequestConfirmations","line":180,"loc":{"start":{"line":180,"column":4},"end":{"line":182,"column":4}}},"9":{"name":"getRecentWinner","line":184,"loc":{"start":{"line":184,"column":4},"end":{"line":186,"column":4}}},"10":{"name":"getPlayer","line":188,"loc":{"start":{"line":188,"column":4},"end":{"line":190,"column":4}}},"11":{"name":"getLastTimeStamp","line":192,"loc":{"start":{"line":192,"column":4},"end":{"line":194,"column":4}}},"12":{"name":"getInterval","line":196,"loc":{"start":{"line":196,"column":4},"end":{"line":198,"column":4}}},"13":{"name":"getEntranceFee","line":200,"loc":{"start":{"line":200,"column":4},"end":{"line":202,"column":4}}},"14":{"name":"getNumberOfPlayers","line":204,"loc":{"start":{"line":204,"column":4},"end":{"line":206,"column":4}}}},"statementMap":{"1":{"start":{"line":81,"column":8},"end":{"line":81,"column":2673}},"2":{"start":{"line":84,"column":8},"end":{"line":84,"column":2776}},"3":{"start":{"line":87,"column":8},"end":{"line":87,"column":42}},"4":{"start":{"line":90,"column":8},"end":{"line":90,"column":36}},"5":{"start":{"line":113,"column":8},"end":{"line":113,"column":55}},"6":{"start":{"line":114,"column":8},"end":{"line":114,"column":76}},"7":{"start":{"line":115,"column":8},"end":{"line":115,"column":46}},"8":{"start":{"line":116,"column":8},"end":{"line":116,"column":51}},"9":{"start":{"line":118,"column":8},"end":{"line":118,"column":36}},"10":{"start":{"line":128,"column":8},"end":{"line":128,"column":47}},"11":{"start":{"line":130,"column":8},"end":{"line":130,"column":4440}},"12":{"start":{"line":138,"column":8},"end":{"line":138,"column":4700}},"13":{"start":{"line":146,"column":8},"end":{"line":146,"column":45}},"14":{"start":{"line":157,"column":8},"end":{"line":157,"column":65}},"15":{"start":{"line":158,"column":8},"end":{"line":158,"column":63}},"16":{"start":{"line":163,"column":8},"end":{"line":163,"column":78}},"17":{"start":{"line":164,"column":8},"end":{"line":164,"column":5646}},"18":{"start":{"line":167,"column":8},"end":{"line":167,"column":39}},"19":{"start":{"line":173,"column":8},"end":{"line":173,"column":28}},"20":{"start":{"line":177,"column":8},"end":{"line":177,"column":24}},"21":{"start":{"line":181,"column":8},"end":{"line":181,"column":36}},"22":{"start":{"line":185,"column":8},"end":{"line":185,"column":29}},"23":{"start":{"line":189,"column":8},"end":{"line":189,"column":31}},"24":{"start":{"line":193,"column":8},"end":{"line":193,"column":30}},"25":{"start":{"line":197,"column":8},"end":{"line":197,"column":25}},"26":{"start":{"line":201,"column":8},"end":{"line":201,"column":28}},"27":{"start":{"line":205,"column":8},"end":{"line":205,"column":31}}},"branchMap":{"1":{"line":81,"type":"if","locations":[{"start":{"line":81,"column":8},"end":{"line":81,"column":8}},{"start":{"line":81,"column":8},"end":{"line":81,"column":8}}]},"2":{"line":84,"type":"if","locations":[{"start":{"line":84,"column":8},"end":{"line":84,"column":8}},{"start":{"line":84,"column":8},"end":{"line":84,"column":8}}]},"3":{"line":130,"type":"if","locations":[{"start":{"line":130,"column":8},"end":{"line":130,"column":8}},{"start":{"line":130,"column":8},"end":{"line":130,"column":8}}]},"4":{"line":164,"type":"if","locations":[{"start":{"line":164,"column":8},"end":{"line":164,"column":8}},{"start":{"line":164,"column":8},"end":{"line":164,"column":8}}]}}},"contracts/test/VRFCoordinatorV2Mock.sol":{"l":{},"path":"/Users/michaelnovajosky/code/hardhat/smartcontract/contracts/test/VRFCoordinatorV2Mock.sol","s":{},"b":{},"f":{},"fnMap":{},"statementMap":{},"branchMap":{}}}